<?xml version="1.0" encoding="UTF-8"?>
<coverage generated="1752609731683" clover="3.2.0">
  <project timestamp="1752609731683" name="All files">
    <metrics statements="43" coveredstatements="35" conditionals="27" coveredconditionals="18" methods="9" coveredmethods="9" elements="79" coveredelements="62" complexity="0" loc="43" ncloc="43" packages="5" files="7" classes="7"/>
    <package name="src">
      <metrics statements="3" coveredstatements="3" conditionals="0" coveredconditionals="0" methods="1" coveredmethods="1"/>
      <file name="DefaultTicketService.js" path="/Users/hamza/Documents/DWP Senior Software Engineer Application/cinema-tickets/src/DefaultTicketService.js">
        <metrics statements="3" coveredstatements="3" conditionals="0" coveredconditionals="0" methods="1" coveredmethods="1"/>
        <line num="7" count="4" type="stmt"/>
        <line num="8" count="1" type="stmt"/>
        <line num="9" count="1" type="stmt"/>
      </file>
    </package>
    <package name="src.pairtest.lib">
      <metrics statements="9" coveredstatements="7" conditionals="4" coveredconditionals="2" methods="3" coveredmethods="3"/>
      <file name="TicketTypeRequest.js" path="/Users/hamza/Documents/DWP Senior Software Engineer Application/cinema-tickets/src/pairtest/lib/TicketTypeRequest.js">
        <metrics statements="9" coveredstatements="7" conditionals="4" coveredconditionals="2" methods="3" coveredmethods="3"/>
        <line num="11" count="7" type="cond" truecount="1" falsecount="1"/>
        <line num="12" count="0" type="stmt"/>
        <line num="15" count="7" type="cond" truecount="1" falsecount="1"/>
        <line num="16" count="0" type="stmt"/>
        <line num="19" count="7" type="stmt"/>
        <line num="20" count="7" type="stmt"/>
        <line num="24" count="7" type="stmt"/>
        <line num="28" count="7" type="stmt"/>
        <line num="31" count="7" type="stmt"/>
      </file>
    </package>
    <package name="src.services">
      <metrics statements="23" coveredstatements="21" conditionals="15" coveredconditionals="12" methods="3" coveredmethods="3"/>
      <file name="PaymentProcessor.js" path="/Users/hamza/Documents/DWP Senior Software Engineer Application/cinema-tickets/src/services/PaymentProcessor.js">
        <metrics statements="3" coveredstatements="3" conditionals="0" coveredconditionals="0" methods="1" coveredmethods="1"/>
        <line num="5" count="1" type="stmt"/>
        <line num="6" count="1" type="stmt"/>
        <line num="7" count="1" type="stmt"/>
      </file>
      <file name="SeatAllocator.js" path="/Users/hamza/Documents/DWP Senior Software Engineer Application/cinema-tickets/src/services/SeatAllocator.js">
        <metrics statements="3" coveredstatements="3" conditionals="0" coveredconditionals="0" methods="1" coveredmethods="1"/>
        <line num="6" count="1" type="stmt"/>
        <line num="7" count="1" type="stmt"/>
        <line num="8" count="1" type="stmt"/>
      </file>
      <file name="TicketValidator.js" path="/Users/hamza/Documents/DWP Senior Software Engineer Application/cinema-tickets/src/services/TicketValidator.js">
        <metrics statements="17" coveredstatements="15" conditionals="15" coveredconditionals="12" methods="1" coveredmethods="1"/>
        <line num="2" count="4" type="cond" truecount="3" falsecount="1"/>
        <line num="3" count="0" type="stmt"/>
        <line num="6" count="4" type="stmt"/>
        <line num="13" count="4" type="stmt"/>
        <line num="14" count="7" type="stmt"/>
        <line num="15" count="7" type="stmt"/>
        <line num="17" count="7" type="cond" truecount="1" falsecount="1"/>
        <line num="18" count="0" type="stmt"/>
        <line num="21" count="7" type="stmt"/>
        <line num="22" count="7" type="stmt"/>
        <line num="25" count="4" type="cond" truecount="2" falsecount="0"/>
        <line num="26" count="1" type="stmt"/>
        <line num="29" count="3" type="cond" truecount="4" falsecount="1"/>
        <line num="30" count="1" type="stmt"/>
        <line num="33" count="2" type="cond" truecount="2" falsecount="0"/>
        <line num="34" count="1" type="stmt"/>
        <line num="37" count="1" type="stmt"/>
      </file>
    </package>
    <package name="src.thirdparty.paymentgateway">
      <metrics statements="4" coveredstatements="2" conditionals="4" coveredconditionals="2" methods="1" coveredmethods="1"/>
      <file name="TicketPaymentService.js" path="/Users/hamza/Documents/DWP Senior Software Engineer Application/cinema-tickets/src/thirdparty/paymentgateway/TicketPaymentService.js">
        <metrics statements="4" coveredstatements="2" conditionals="4" coveredconditionals="2" methods="1" coveredmethods="1"/>
        <line num="5" count="1" type="cond" truecount="1" falsecount="1"/>
        <line num="6" count="0" type="stmt"/>
        <line num="9" count="1" type="cond" truecount="1" falsecount="1"/>
        <line num="10" count="0" type="stmt"/>
      </file>
    </package>
    <package name="src.thirdparty.seatbooking">
      <metrics statements="4" coveredstatements="2" conditionals="4" coveredconditionals="2" methods="1" coveredmethods="1"/>
      <file name="SeatReservationService.js" path="/Users/hamza/Documents/DWP Senior Software Engineer Application/cinema-tickets/src/thirdparty/seatbooking/SeatReservationService.js">
        <metrics statements="4" coveredstatements="2" conditionals="4" coveredconditionals="2" methods="1" coveredmethods="1"/>
        <line num="5" count="1" type="cond" truecount="1" falsecount="1"/>
        <line num="6" count="0" type="stmt"/>
        <line num="9" count="1" type="cond" truecount="1" falsecount="1"/>
        <line num="10" count="0" type="stmt"/>
      </file>
    </package>
  </project>
</coverage>
