{"/Users/hamza/Documents/DWP Senior Software Engineer Application/cinema-tickets/src/DefaultTicketService.js": {"path":"/Users/hamza/Documents/DWP Senior Software Engineer Application/cinema-tickets/src/DefaultTicketService.js","statementMap":{"0":{"start":{"line":7,"column":21},"end":{"line":7,"column":67}},"1":{"start":{"line":8,"column":6},"end":{"line":8,"column":40}},"2":{"start":{"line":9,"column":6},"end":{"line":9,"column":39}}},"fnMap":{"0":{"name":"(anonymous_0)","decl":{"start":{"line":6,"column":4},"end":{"line":6,"column":5}},"loc":{"start":{"line":6,"column":54},"end":{"line":10,"column":5}},"line":6}},"branchMap":{},"s":{"0":4,"1":1,"2":1},"f":{"0":4},"b":{},"_coverageSchema":"1a1c01bbd47fc00a2c39e90264f33305004495a9","hash":"5bfde40e78176885b2541ed5921099bdd54a5093"}
,"/Users/hamza/Documents/DWP Senior Software Engineer Application/cinema-tickets/src/pairtest/lib/TicketTypeRequest.js": {"path":"/Users/hamza/Documents/DWP Senior Software Engineer Application/cinema-tickets/src/pairtest/lib/TicketTypeRequest.js","statementMap":{"0":{"start":{"line":11,"column":4},"end":{"line":13,"column":5}},"1":{"start":{"line":12,"column":6},"end":{"line":12,"column":108}},"2":{"start":{"line":15,"column":4},"end":{"line":17,"column":5}},"3":{"start":{"line":16,"column":6},"end":{"line":16,"column":60}},"4":{"start":{"line":19,"column":4},"end":{"line":19,"column":22}},"5":{"start":{"line":20,"column":4},"end":{"line":20,"column":36}},"6":{"start":{"line":24,"column":4},"end":{"line":24,"column":29}},"7":{"start":{"line":28,"column":4},"end":{"line":28,"column":22}},"8":{"start":{"line":31,"column":10},"end":{"line":31,"column":38}}},"fnMap":{"0":{"name":"(anonymous_0)","decl":{"start":{"line":10,"column":2},"end":{"line":10,"column":3}},"loc":{"start":{"line":10,"column":33},"end":{"line":21,"column":3}},"line":10},"1":{"name":"(anonymous_1)","decl":{"start":{"line":23,"column":2},"end":{"line":23,"column":3}},"loc":{"start":{"line":23,"column":19},"end":{"line":25,"column":3}},"line":23},"2":{"name":"(anonymous_2)","decl":{"start":{"line":27,"column":2},"end":{"line":27,"column":3}},"loc":{"start":{"line":27,"column":18},"end":{"line":29,"column":3}},"line":27}},"branchMap":{"0":{"loc":{"start":{"line":11,"column":4},"end":{"line":13,"column":5}},"type":"if","locations":[{"start":{"line":11,"column":4},"end":{"line":13,"column":5}},{"start":{},"end":{}}],"line":11},"1":{"loc":{"start":{"line":15,"column":4},"end":{"line":17,"column":5}},"type":"if","locations":[{"start":{"line":15,"column":4},"end":{"line":17,"column":5}},{"start":{},"end":{}}],"line":15}},"s":{"0":7,"1":0,"2":7,"3":0,"4":7,"5":7,"6":7,"7":7,"8":7},"f":{"0":7,"1":7,"2":7},"b":{"0":[0,7],"1":[0,7]},"_coverageSchema":"1a1c01bbd47fc00a2c39e90264f33305004495a9","hash":"1cec550f1f82717c646186e6c81f80dc16255e72"}
,"/Users/hamza/Documents/DWP Senior Software Engineer Application/cinema-tickets/src/services/PaymentProcessor.js": {"path":"/Users/hamza/Documents/DWP Senior Software Engineer Application/cinema-tickets/src/services/PaymentProcessor.js","statementMap":{"0":{"start":{"line":5,"column":20},"end":{"line":5,"column":57}},"1":{"start":{"line":6,"column":25},"end":{"line":6,"column":51}},"2":{"start":{"line":7,"column":2},"end":{"line":7,"column":51}}},"fnMap":{"0":{"name":"processPayment","decl":{"start":{"line":4,"column":24},"end":{"line":4,"column":38}},"loc":{"start":{"line":4,"column":58},"end":{"line":8,"column":1}},"line":4}},"branchMap":{},"s":{"0":1,"1":1,"2":1},"f":{"0":1},"b":{},"_coverageSchema":"1a1c01bbd47fc00a2c39e90264f33305004495a9","hash":"b4f019bc3bbd2fe9e7a7864037953d00828a4388"}
,"/Users/hamza/Documents/DWP Senior Software Engineer Application/cinema-tickets/src/services/SeatAllocator.js": {"path":"/Users/hamza/Documents/DWP Senior Software Engineer Application/cinema-tickets/src/services/SeatAllocator.js","statementMap":{"0":{"start":{"line":6,"column":21},"end":{"line":6,"column":48}},"1":{"start":{"line":7,"column":22},"end":{"line":7,"column":50}},"2":{"start":{"line":8,"column":2},"end":{"line":8,"column":49}}},"fnMap":{"0":{"name":"allocateSeats","decl":{"start":{"line":5,"column":24},"end":{"line":5,"column":37}},"loc":{"start":{"line":5,"column":57},"end":{"line":9,"column":1}},"line":5}},"branchMap":{},"s":{"0":1,"1":1,"2":1},"f":{"0":1},"b":{},"_coverageSchema":"1a1c01bbd47fc00a2c39e90264f33305004495a9","hash":"b5e5c32bd48d70f35cec37596aa2a9d8b0bf9aba"}
,"/Users/hamza/Documents/DWP Senior Software Engineer Application/cinema-tickets/src/services/TicketValidator.js": {"path":"/Users/hamza/Documents/DWP Senior Software Engineer Application/cinema-tickets/src/services/TicketValidator.js","statementMap":{"0":{"start":{"line":2,"column":4},"end":{"line":4,"column":5}},"1":{"start":{"line":3,"column":6},"end":{"line":3,"column":44}},"2":{"start":{"line":6,"column":19},"end":{"line":11,"column":5}},"3":{"start":{"line":13,"column":4},"end":{"line":23,"column":5}},"4":{"start":{"line":14,"column":19},"end":{"line":14,"column":38}},"5":{"start":{"line":15,"column":20},"end":{"line":15,"column":40}},"6":{"start":{"line":17,"column":6},"end":{"line":19,"column":7}},"7":{"start":{"line":18,"column":8},"end":{"line":18,"column":56}},"8":{"start":{"line":21,"column":6},"end":{"line":21,"column":28}},"9":{"start":{"line":22,"column":6},"end":{"line":22,"column":28}},"10":{"start":{"line":25,"column":4},"end":{"line":27,"column":5}},"11":{"start":{"line":26,"column":6},"end":{"line":26,"column":62}},"12":{"start":{"line":29,"column":4},"end":{"line":31,"column":5}},"13":{"start":{"line":30,"column":6},"end":{"line":30,"column":79}},"14":{"start":{"line":33,"column":4},"end":{"line":35,"column":5}},"15":{"start":{"line":34,"column":6},"end":{"line":34,"column":69}},"16":{"start":{"line":37,"column":4},"end":{"line":37,"column":18}}},"fnMap":{"0":{"name":"validateTickets","decl":{"start":{"line":1,"column":24},"end":{"line":1,"column":39}},"loc":{"start":{"line":1,"column":71},"end":{"line":38,"column":3}},"line":1}},"branchMap":{"0":{"loc":{"start":{"line":2,"column":4},"end":{"line":4,"column":5}},"type":"if","locations":[{"start":{"line":2,"column":4},"end":{"line":4,"column":5}},{"start":{},"end":{}}],"line":2},"1":{"loc":{"start":{"line":2,"column":8},"end":{"line":2,"column":54}},"type":"binary-expr","locations":[{"start":{"line":2,"column":8},"end":{"line":2,"column":36}},{"start":{"line":2,"column":40},"end":{"line":2,"column":54}}],"line":2},"2":{"loc":{"start":{"line":17,"column":6},"end":{"line":19,"column":7}},"type":"if","locations":[{"start":{"line":17,"column":6},"end":{"line":19,"column":7}},{"start":{},"end":{}}],"line":17},"3":{"loc":{"start":{"line":25,"column":4},"end":{"line":27,"column":5}},"type":"if","locations":[{"start":{"line":25,"column":4},"end":{"line":27,"column":5}},{"start":{},"end":{}}],"line":25},"4":{"loc":{"start":{"line":29,"column":4},"end":{"line":31,"column":5}},"type":"if","locations":[{"start":{"line":29,"column":4},"end":{"line":31,"column":5}},{"start":{},"end":{}}],"line":29},"5":{"loc":{"start":{"line":29,"column":8},"end":{"line":29,"column":69}},"type":"binary-expr","locations":[{"start":{"line":29,"column":8},"end":{"line":29,"column":26}},{"start":{"line":29,"column":31},"end":{"line":29,"column":47}},{"start":{"line":29,"column":51},"end":{"line":29,"column":68}}],"line":29},"6":{"loc":{"start":{"line":33,"column":4},"end":{"line":35,"column":5}},"type":"if","locations":[{"start":{"line":33,"column":4},"end":{"line":35,"column":5}},{"start":{},"end":{}}],"line":33}},"s":{"0":4,"1":0,"2":4,"3":4,"4":7,"5":7,"6":7,"7":0,"8":7,"9":7,"10":4,"11":1,"12":3,"13":1,"14":2,"15":1,"16":1},"f":{"0":4},"b":{"0":[0,4],"1":[4,4],"2":[0,7],"3":[1,3],"4":[1,2],"5":[3,1,0],"6":[1,1]},"_coverageSchema":"1a1c01bbd47fc00a2c39e90264f33305004495a9","hash":"77311d4a6a04f2719aa6a93443fbb58610f5fd39"}
,"/Users/hamza/Documents/DWP Senior Software Engineer Application/cinema-tickets/src/thirdparty/paymentgateway/TicketPaymentService.js": {"path":"/Users/hamza/Documents/DWP Senior Software Engineer Application/cinema-tickets/src/thirdparty/paymentgateway/TicketPaymentService.js","statementMap":{"0":{"start":{"line":5,"column":4},"end":{"line":7,"column":5}},"1":{"start":{"line":6,"column":6},"end":{"line":6,"column":58}},"2":{"start":{"line":9,"column":4},"end":{"line":11,"column":5}},"3":{"start":{"line":10,"column":6},"end":{"line":10,"column":65}}},"fnMap":{"0":{"name":"(anonymous_0)","decl":{"start":{"line":4,"column":2},"end":{"line":4,"column":3}},"loc":{"start":{"line":4,"column":43},"end":{"line":12,"column":3}},"line":4}},"branchMap":{"0":{"loc":{"start":{"line":5,"column":4},"end":{"line":7,"column":5}},"type":"if","locations":[{"start":{"line":5,"column":4},"end":{"line":7,"column":5}},{"start":{},"end":{}}],"line":5},"1":{"loc":{"start":{"line":9,"column":4},"end":{"line":11,"column":5}},"type":"if","locations":[{"start":{"line":9,"column":4},"end":{"line":11,"column":5}},{"start":{},"end":{}}],"line":9}},"s":{"0":1,"1":0,"2":1,"3":0},"f":{"0":1},"b":{"0":[0,1],"1":[0,1]},"_coverageSchema":"1a1c01bbd47fc00a2c39e90264f33305004495a9","hash":"83f8355eca0005d8fa60f3b977480bea5362341a"}
,"/Users/hamza/Documents/DWP Senior Software Engineer Application/cinema-tickets/src/thirdparty/seatbooking/SeatReservationService.js": {"path":"/Users/hamza/Documents/DWP Senior Software Engineer Application/cinema-tickets/src/thirdparty/seatbooking/SeatReservationService.js","statementMap":{"0":{"start":{"line":5,"column":4},"end":{"line":7,"column":5}},"1":{"start":{"line":6,"column":6},"end":{"line":6,"column":58}},"2":{"start":{"line":9,"column":4},"end":{"line":11,"column":5}},"3":{"start":{"line":10,"column":6},"end":{"line":10,"column":69}}},"fnMap":{"0":{"name":"(anonymous_0)","decl":{"start":{"line":4,"column":2},"end":{"line":4,"column":3}},"loc":{"start":{"line":4,"column":47},"end":{"line":12,"column":3}},"line":4}},"branchMap":{"0":{"loc":{"start":{"line":5,"column":4},"end":{"line":7,"column":5}},"type":"if","locations":[{"start":{"line":5,"column":4},"end":{"line":7,"column":5}},{"start":{},"end":{}}],"line":5},"1":{"loc":{"start":{"line":9,"column":4},"end":{"line":11,"column":5}},"type":"if","locations":[{"start":{"line":9,"column":4},"end":{"line":11,"column":5}},{"start":{},"end":{}}],"line":9}},"s":{"0":1,"1":0,"2":1,"3":0},"f":{"0":1},"b":{"0":[0,1],"1":[0,1]},"_coverageSchema":"1a1c01bbd47fc00a2c39e90264f33305004495a9","hash":"1bfb560b0725a29913915559d805dfa7495c0343"}
}
