TN:
SF:src/DefaultTicketService.js
FN:6,(anonymous_0)
FNF:1
FNH:1
FNDA:4,(anonymous_0)
DA:7,4
DA:8,1
DA:9,1
LF:3
LH:3
BRF:0
BRH:0
end_of_record
TN:
SF:src/pairtest/lib/TicketTypeRequest.js
FN:10,(anonymous_0)
FN:23,(anonymous_1)
FN:27,(anonymous_2)
FNF:3
FNH:3
FNDA:7,(anonymous_0)
FNDA:7,(anonymous_1)
FNDA:7,(anonymous_2)
DA:11,7
DA:12,0
DA:15,7
DA:16,0
DA:19,7
DA:20,7
DA:24,7
DA:28,7
DA:31,7
LF:9
LH:7
BRDA:11,0,0,0
BRDA:11,0,1,7
BRDA:15,1,0,0
BRDA:15,1,1,7
BRF:4
BRH:2
end_of_record
TN:
SF:src/services/PaymentProcessor.js
FN:4,processPayment
FNF:1
FNH:1
FNDA:1,processPayment
DA:5,1
DA:6,1
DA:7,1
LF:3
LH:3
BRF:0
BRH:0
end_of_record
TN:
SF:src/services/SeatAllocator.js
FN:5,allocateSeats
FNF:1
FNH:1
FNDA:1,allocateSeats
DA:6,1
DA:7,1
DA:8,1
LF:3
LH:3
BRF:0
BRH:0
end_of_record
TN:
SF:src/services/TicketValidator.js
FN:1,validateTickets
FNF:1
FNH:1
FNDA:4,validateTickets
DA:2,4
DA:3,0
DA:6,4
DA:13,4
DA:14,7
DA:15,7
DA:17,7
DA:18,0
DA:21,7
DA:22,7
DA:25,4
DA:26,1
DA:29,3
DA:30,1
DA:33,2
DA:34,1
DA:37,1
LF:17
LH:15
BRDA:2,0,0,0
BRDA:2,0,1,4
BRDA:2,1,0,4
BRDA:2,1,1,4
BRDA:17,2,0,0
BRDA:17,2,1,7
BRDA:25,3,0,1
BRDA:25,3,1,3
BRDA:29,4,0,1
BRDA:29,4,1,2
BRDA:29,5,0,3
BRDA:29,5,1,1
BRDA:29,5,2,0
BRDA:33,6,0,1
BRDA:33,6,1,1
BRF:15
BRH:12
end_of_record
TN:
SF:src/thirdparty/paymentgateway/TicketPaymentService.js
FN:4,(anonymous_0)
FNF:1
FNH:1
FNDA:1,(anonymous_0)
DA:5,1
DA:6,0
DA:9,1
DA:10,0
LF:4
LH:2
BRDA:5,0,0,0
BRDA:5,0,1,1
BRDA:9,1,0,0
BRDA:9,1,1,1
BRF:4
BRH:2
end_of_record
TN:
SF:src/thirdparty/seatbooking/SeatReservationService.js
FN:4,(anonymous_0)
FNF:1
FNH:1
FNDA:1,(anonymous_0)
DA:5,1
DA:6,0
DA:9,1
DA:10,0
LF:4
LH:2
BRDA:5,0,0,0
BRDA:5,0,1,1
BRDA:9,1,0,0
BRDA:9,1,1,1
BRF:4
BRH:2
end_of_record
